[INFO] [2018-01-26 14:48:58][org.springframework.beans.factory.xml.XmlBeanDefinitionReader]Loading XML bean definitions from class path resource [applicationContext.xml]
[INFO] [2018-01-26 14:48:58][org.springframework.beans.factory.xml.XmlBeanDefinitionReader]Loading XML bean definitions from class path resource [spring/spring_mybatis.xml]
[INFO] [2018-01-26 14:48:58][org.springframework.beans.factory.xml.XmlBeanDefinitionReader]Loading XML bean definitions from class path resource [spring/spring_sso_servlet.xml]
[INFO] [2018-01-26 14:48:58][org.springframework.beans.factory.xml.XmlBeanDefinitionReader]Loading XML bean definitions from class path resource [workflow/applicationContext-activiti.xml]
[INFO] [2018-01-26 14:48:58][org.springframework.beans.factory.xml.XmlBeanDefinitionReader]Loading XML bean definitions from class path resource [spring/spring_mybatis.xml]
[INFO] [2018-01-26 14:48:58][org.springframework.beans.factory.support.DefaultListableBeanFactory]Overriding bean definition for bean 'dataSource': replacing [Generic bean: class [org.apache.commons.dbcp.BasicDataSource]; scope=; abstract=false; lazyInit=false; autowireMode=1; dependencyCheck=0; autowireCandidate=true; primary=false; factoryBeanName=null; factoryMethodName=null; initMethodName=null; destroyMethodName=close; defined in class path resource [spring/spring_mybatis.xml]] with [Generic bean: class [org.apache.commons.dbcp.BasicDataSource]; scope=; abstract=false; lazyInit=false; autowireMode=1; dependencyCheck=0; autowireCandidate=true; primary=false; factoryBeanName=null; factoryMethodName=null; initMethodName=null; destroyMethodName=close; defined in class path resource [spring/spring_mybatis.xml]]
[INFO] [2018-01-26 14:48:58][org.springframework.beans.factory.support.DefaultListableBeanFactory]Overriding bean definition for bean 'mSqlSessionFactory': replacing [Generic bean: class [org.mybatis.spring.SqlSessionFactoryBean]; scope=; abstract=false; lazyInit=false; autowireMode=1; dependencyCheck=0; autowireCandidate=true; primary=false; factoryBeanName=null; factoryMethodName=null; initMethodName=null; destroyMethodName=null; defined in class path resource [spring/spring_mybatis.xml]] with [Generic bean: class [org.mybatis.spring.SqlSessionFactoryBean]; scope=; abstract=false; lazyInit=false; autowireMode=1; dependencyCheck=0; autowireCandidate=true; primary=false; factoryBeanName=null; factoryMethodName=null; initMethodName=null; destroyMethodName=null; defined in class path resource [spring/spring_mybatis.xml]]
[INFO] [2018-01-26 14:48:58][org.springframework.beans.factory.support.DefaultListableBeanFactory]Overriding bean definition for bean 'transactionManager': replacing [Generic bean: class [org.springframework.jdbc.datasource.DataSourceTransactionManager]; scope=; abstract=false; lazyInit=false; autowireMode=1; dependencyCheck=0; autowireCandidate=true; primary=false; factoryBeanName=null; factoryMethodName=null; initMethodName=null; destroyMethodName=null; defined in class path resource [spring/spring_mybatis.xml]] with [Generic bean: class [org.springframework.jdbc.datasource.DataSourceTransactionManager]; scope=; abstract=false; lazyInit=false; autowireMode=1; dependencyCheck=0; autowireCandidate=true; primary=false; factoryBeanName=null; factoryMethodName=null; initMethodName=null; destroyMethodName=null; defined in class path resource [spring/spring_mybatis.xml]]
[INFO] [2018-01-26 14:48:58][org.springframework.context.support.GenericApplicationContext]Refreshing org.springframework.context.support.GenericApplicationContext@5383967b: startup date [Fri Jan 26 14:48:58 CST 2018]; root of context hierarchy
[WARN] [2018-01-26 14:48:58][org.mybatis.spring.mapper.ClassPathMapperScanner]Skipping MapperFactoryBean with name 'userMapper' and 'com.wys.ssm.dao.UserMapper' mapperInterface. Bean already defined with the same name!
[WARN] [2018-01-26 14:48:58][org.mybatis.spring.mapper.ClassPathMapperScanner]No MyBatis mapper was found in '[com.wys.ssm.dao]' package. Please check your configuration.
[INFO] [2018-01-26 14:48:58][org.springframework.beans.factory.config.PropertyPlaceholderConfigurer]Loading properties file from class path resource [common.properties]
[INFO] [2018-01-26 14:48:58][org.springframework.beans.factory.config.PropertyPlaceholderConfigurer]Loading properties file from class path resource [jdbc.properties]
[INFO] [2018-01-26 14:48:58][org.springframework.beans.factory.config.PropertyPlaceholderConfigurer]Loading properties file from class path resource [jdbc.properties]
[INFO] [2018-01-26 14:48:58][org.springframework.beans.factory.config.PropertyPlaceholderConfigurer]Loading properties file from class path resource [jdbc.properties]
[INFO] [2018-01-26 14:48:58][org.springframework.beans.factory.annotation.AutowiredAnnotationBeanPostProcessor]JSR-330 'javax.inject.Inject' annotation found and supported for autowiring
[INFO] [2018-01-26 14:48:59][org.springframework.web.servlet.mvc.method.annotation.RequestMappingHandlerMapping]Mapped "{[/user/toFindAllUser],methods=[],params=[],headers=[],consumes=[],produces=[],custom=[]}" onto public java.lang.String com.wys.ssm.controller.UserController.toFindAllUser(javax.servlet.http.HttpServletRequest)
[INFO] [2018-01-26 14:48:59][org.hibernate.validator.util.Version]Hibernate Validator 4.1.0.Final
[INFO] [2018-01-26 14:49:00][org.activiti.engine.impl.ProcessEngineImpl]ProcessEngine default created
[INFO] [2018-01-26 14:49:01][org.springframework.context.support.GenericApplicationContext]Closing org.springframework.context.support.GenericApplicationContext@5383967b: startup date [Fri Jan 26 14:48:58 CST 2018]; root of context hierarchy
[INFO] [2018-01-26 14:53:37][org.springframework.beans.factory.xml.XmlBeanDefinitionReader]Loading XML bean definitions from class path resource [applicationContext.xml]
[INFO] [2018-01-26 14:53:37][org.springframework.beans.factory.xml.XmlBeanDefinitionReader]Loading XML bean definitions from class path resource [spring/spring_mybatis.xml]
[INFO] [2018-01-26 14:53:37][org.springframework.beans.factory.xml.XmlBeanDefinitionReader]Loading XML bean definitions from class path resource [spring/spring_sso_servlet.xml]
[INFO] [2018-01-26 14:53:37][org.springframework.beans.factory.xml.XmlBeanDefinitionReader]Loading XML bean definitions from class path resource [workflow/applicationContext-activiti.xml]
[INFO] [2018-01-26 14:53:37][org.springframework.beans.factory.xml.XmlBeanDefinitionReader]Loading XML bean definitions from class path resource [spring/spring_mybatis.xml]
[INFO] [2018-01-26 14:53:37][org.springframework.beans.factory.support.DefaultListableBeanFactory]Overriding bean definition for bean 'dataSource': replacing [Generic bean: class [org.apache.commons.dbcp.BasicDataSource]; scope=; abstract=false; lazyInit=false; autowireMode=1; dependencyCheck=0; autowireCandidate=true; primary=false; factoryBeanName=null; factoryMethodName=null; initMethodName=null; destroyMethodName=close; defined in class path resource [spring/spring_mybatis.xml]] with [Generic bean: class [org.apache.commons.dbcp.BasicDataSource]; scope=; abstract=false; lazyInit=false; autowireMode=1; dependencyCheck=0; autowireCandidate=true; primary=false; factoryBeanName=null; factoryMethodName=null; initMethodName=null; destroyMethodName=close; defined in class path resource [spring/spring_mybatis.xml]]
[INFO] [2018-01-26 14:53:37][org.springframework.beans.factory.support.DefaultListableBeanFactory]Overriding bean definition for bean 'mSqlSessionFactory': replacing [Generic bean: class [org.mybatis.spring.SqlSessionFactoryBean]; scope=; abstract=false; lazyInit=false; autowireMode=1; dependencyCheck=0; autowireCandidate=true; primary=false; factoryBeanName=null; factoryMethodName=null; initMethodName=null; destroyMethodName=null; defined in class path resource [spring/spring_mybatis.xml]] with [Generic bean: class [org.mybatis.spring.SqlSessionFactoryBean]; scope=; abstract=false; lazyInit=false; autowireMode=1; dependencyCheck=0; autowireCandidate=true; primary=false; factoryBeanName=null; factoryMethodName=null; initMethodName=null; destroyMethodName=null; defined in class path resource [spring/spring_mybatis.xml]]
[INFO] [2018-01-26 14:53:37][org.springframework.beans.factory.support.DefaultListableBeanFactory]Overriding bean definition for bean 'transactionManager': replacing [Generic bean: class [org.springframework.jdbc.datasource.DataSourceTransactionManager]; scope=; abstract=false; lazyInit=false; autowireMode=1; dependencyCheck=0; autowireCandidate=true; primary=false; factoryBeanName=null; factoryMethodName=null; initMethodName=null; destroyMethodName=null; defined in class path resource [spring/spring_mybatis.xml]] with [Generic bean: class [org.springframework.jdbc.datasource.DataSourceTransactionManager]; scope=; abstract=false; lazyInit=false; autowireMode=1; dependencyCheck=0; autowireCandidate=true; primary=false; factoryBeanName=null; factoryMethodName=null; initMethodName=null; destroyMethodName=null; defined in class path resource [spring/spring_mybatis.xml]]
[INFO] [2018-01-26 14:53:37][org.springframework.context.support.GenericApplicationContext]Refreshing org.springframework.context.support.GenericApplicationContext@5383967b: startup date [Fri Jan 26 14:53:37 CST 2018]; root of context hierarchy
[WARN] [2018-01-26 14:53:38][org.mybatis.spring.mapper.ClassPathMapperScanner]Skipping MapperFactoryBean with name 'userMapper' and 'com.wys.ssm.dao.UserMapper' mapperInterface. Bean already defined with the same name!
[WARN] [2018-01-26 14:53:38][org.mybatis.spring.mapper.ClassPathMapperScanner]No MyBatis mapper was found in '[com.wys.ssm.dao]' package. Please check your configuration.
[INFO] [2018-01-26 14:53:38][org.springframework.beans.factory.config.PropertyPlaceholderConfigurer]Loading properties file from class path resource [common.properties]
[INFO] [2018-01-26 14:53:38][org.springframework.beans.factory.config.PropertyPlaceholderConfigurer]Loading properties file from class path resource [jdbc.properties]
[INFO] [2018-01-26 14:53:38][org.springframework.beans.factory.config.PropertyPlaceholderConfigurer]Loading properties file from class path resource [jdbc.properties]
[INFO] [2018-01-26 14:53:38][org.springframework.beans.factory.config.PropertyPlaceholderConfigurer]Loading properties file from class path resource [jdbc.properties]
[INFO] [2018-01-26 14:53:38][org.springframework.beans.factory.annotation.AutowiredAnnotationBeanPostProcessor]JSR-330 'javax.inject.Inject' annotation found and supported for autowiring
[INFO] [2018-01-26 14:53:38][org.springframework.web.servlet.mvc.method.annotation.RequestMappingHandlerMapping]Mapped "{[/user/toFindAllUser],methods=[],params=[],headers=[],consumes=[],produces=[],custom=[]}" onto public java.lang.String com.wys.ssm.controller.UserController.toFindAllUser(javax.servlet.http.HttpServletRequest)
[INFO] [2018-01-26 14:53:38][org.hibernate.validator.util.Version]Hibernate Validator 4.1.0.Final
[INFO] [2018-01-26 14:53:40][org.activiti.engine.impl.ProcessEngineImpl]ProcessEngine default created
[INFO] [2018-01-26 14:53:40][org.activiti.engine.impl.bpmn.deployer.BpmnDeployer]Processing resource diagrams/test1.png
[INFO] [2018-01-26 14:53:40][org.activiti.engine.impl.bpmn.deployer.BpmnDeployer]Processing resource diagrams/test1.bpmn
[INFO] [2018-01-26 14:53:40][org.springframework.context.support.GenericApplicationContext]Closing org.springframework.context.support.GenericApplicationContext@5383967b: startup date [Fri Jan 26 14:53:37 CST 2018]; root of context hierarchy
[INFO] [2018-01-26 14:54:05][org.springframework.beans.factory.xml.XmlBeanDefinitionReader]Loading XML bean definitions from class path resource [applicationContext.xml]
[INFO] [2018-01-26 14:54:05][org.springframework.beans.factory.xml.XmlBeanDefinitionReader]Loading XML bean definitions from class path resource [spring/spring_mybatis.xml]
[INFO] [2018-01-26 14:54:05][org.springframework.beans.factory.xml.XmlBeanDefinitionReader]Loading XML bean definitions from class path resource [spring/spring_sso_servlet.xml]
[INFO] [2018-01-26 14:54:06][org.springframework.beans.factory.xml.XmlBeanDefinitionReader]Loading XML bean definitions from class path resource [workflow/applicationContext-activiti.xml]
[INFO] [2018-01-26 14:54:06][org.springframework.beans.factory.xml.XmlBeanDefinitionReader]Loading XML bean definitions from class path resource [spring/spring_mybatis.xml]
[INFO] [2018-01-26 14:54:06][org.springframework.beans.factory.support.DefaultListableBeanFactory]Overriding bean definition for bean 'dataSource': replacing [Generic bean: class [org.apache.commons.dbcp.BasicDataSource]; scope=; abstract=false; lazyInit=false; autowireMode=1; dependencyCheck=0; autowireCandidate=true; primary=false; factoryBeanName=null; factoryMethodName=null; initMethodName=null; destroyMethodName=close; defined in class path resource [spring/spring_mybatis.xml]] with [Generic bean: class [org.apache.commons.dbcp.BasicDataSource]; scope=; abstract=false; lazyInit=false; autowireMode=1; dependencyCheck=0; autowireCandidate=true; primary=false; factoryBeanName=null; factoryMethodName=null; initMethodName=null; destroyMethodName=close; defined in class path resource [spring/spring_mybatis.xml]]
[INFO] [2018-01-26 14:54:06][org.springframework.beans.factory.support.DefaultListableBeanFactory]Overriding bean definition for bean 'mSqlSessionFactory': replacing [Generic bean: class [org.mybatis.spring.SqlSessionFactoryBean]; scope=; abstract=false; lazyInit=false; autowireMode=1; dependencyCheck=0; autowireCandidate=true; primary=false; factoryBeanName=null; factoryMethodName=null; initMethodName=null; destroyMethodName=null; defined in class path resource [spring/spring_mybatis.xml]] with [Generic bean: class [org.mybatis.spring.SqlSessionFactoryBean]; scope=; abstract=false; lazyInit=false; autowireMode=1; dependencyCheck=0; autowireCandidate=true; primary=false; factoryBeanName=null; factoryMethodName=null; initMethodName=null; destroyMethodName=null; defined in class path resource [spring/spring_mybatis.xml]]
[INFO] [2018-01-26 14:54:06][org.springframework.beans.factory.support.DefaultListableBeanFactory]Overriding bean definition for bean 'transactionManager': replacing [Generic bean: class [org.springframework.jdbc.datasource.DataSourceTransactionManager]; scope=; abstract=false; lazyInit=false; autowireMode=1; dependencyCheck=0; autowireCandidate=true; primary=false; factoryBeanName=null; factoryMethodName=null; initMethodName=null; destroyMethodName=null; defined in class path resource [spring/spring_mybatis.xml]] with [Generic bean: class [org.springframework.jdbc.datasource.DataSourceTransactionManager]; scope=; abstract=false; lazyInit=false; autowireMode=1; dependencyCheck=0; autowireCandidate=true; primary=false; factoryBeanName=null; factoryMethodName=null; initMethodName=null; destroyMethodName=null; defined in class path resource [spring/spring_mybatis.xml]]
[INFO] [2018-01-26 14:54:06][org.springframework.context.support.GenericApplicationContext]Refreshing org.springframework.context.support.GenericApplicationContext@5f9d02cb: startup date [Fri Jan 26 14:54:06 CST 2018]; root of context hierarchy
[WARN] [2018-01-26 14:54:06][org.mybatis.spring.mapper.ClassPathMapperScanner]Skipping MapperFactoryBean with name 'userMapper' and 'com.wys.ssm.dao.UserMapper' mapperInterface. Bean already defined with the same name!
[WARN] [2018-01-26 14:54:06][org.mybatis.spring.mapper.ClassPathMapperScanner]No MyBatis mapper was found in '[com.wys.ssm.dao]' package. Please check your configuration.
[INFO] [2018-01-26 14:54:06][org.springframework.beans.factory.config.PropertyPlaceholderConfigurer]Loading properties file from class path resource [common.properties]
[INFO] [2018-01-26 14:54:06][org.springframework.beans.factory.config.PropertyPlaceholderConfigurer]Loading properties file from class path resource [jdbc.properties]
[INFO] [2018-01-26 14:54:06][org.springframework.beans.factory.config.PropertyPlaceholderConfigurer]Loading properties file from class path resource [jdbc.properties]
[INFO] [2018-01-26 14:54:06][org.springframework.beans.factory.config.PropertyPlaceholderConfigurer]Loading properties file from class path resource [jdbc.properties]
[INFO] [2018-01-26 14:54:06][org.springframework.beans.factory.annotation.AutowiredAnnotationBeanPostProcessor]JSR-330 'javax.inject.Inject' annotation found and supported for autowiring
[INFO] [2018-01-26 14:54:06][org.springframework.web.servlet.mvc.method.annotation.RequestMappingHandlerMapping]Mapped "{[/user/toFindAllUser],methods=[],params=[],headers=[],consumes=[],produces=[],custom=[]}" onto public java.lang.String com.wys.ssm.controller.UserController.toFindAllUser(javax.servlet.http.HttpServletRequest)
[INFO] [2018-01-26 14:54:06][org.hibernate.validator.util.Version]Hibernate Validator 4.1.0.Final
[INFO] [2018-01-26 14:54:08][org.activiti.engine.impl.ProcessEngineImpl]ProcessEngine default created
[INFO] [2018-01-26 14:54:08][org.activiti.engine.impl.bpmn.deployer.BpmnDeployer]Processing resource diagrams/test1.png
[INFO] [2018-01-26 14:54:08][org.activiti.engine.impl.bpmn.deployer.BpmnDeployer]Processing resource diagrams/test1.bpmn
[INFO] [2018-01-26 14:54:08][org.springframework.context.support.GenericApplicationContext]Closing org.springframework.context.support.GenericApplicationContext@5f9d02cb: startup date [Fri Jan 26 14:54:06 CST 2018]; root of context hierarchy
[INFO] [2018-01-26 14:57:20][org.springframework.beans.factory.xml.XmlBeanDefinitionReader]Loading XML bean definitions from class path resource [applicationContext.xml]
[INFO] [2018-01-26 14:57:20][org.springframework.beans.factory.xml.XmlBeanDefinitionReader]Loading XML bean definitions from class path resource [spring/spring_mybatis.xml]
[INFO] [2018-01-26 14:57:20][org.springframework.beans.factory.xml.XmlBeanDefinitionReader]Loading XML bean definitions from class path resource [spring/spring_sso_servlet.xml]
[INFO] [2018-01-26 14:57:21][org.springframework.beans.factory.xml.XmlBeanDefinitionReader]Loading XML bean definitions from class path resource [workflow/applicationContext-activiti.xml]
[INFO] [2018-01-26 14:57:21][org.springframework.beans.factory.xml.XmlBeanDefinitionReader]Loading XML bean definitions from class path resource [spring/spring_mybatis.xml]
[INFO] [2018-01-26 14:57:21][org.springframework.beans.factory.support.DefaultListableBeanFactory]Overriding bean definition for bean 'dataSource': replacing [Generic bean: class [org.apache.commons.dbcp.BasicDataSource]; scope=; abstract=false; lazyInit=false; autowireMode=1; dependencyCheck=0; autowireCandidate=true; primary=false; factoryBeanName=null; factoryMethodName=null; initMethodName=null; destroyMethodName=close; defined in class path resource [spring/spring_mybatis.xml]] with [Generic bean: class [org.apache.commons.dbcp.BasicDataSource]; scope=; abstract=false; lazyInit=false; autowireMode=1; dependencyCheck=0; autowireCandidate=true; primary=false; factoryBeanName=null; factoryMethodName=null; initMethodName=null; destroyMethodName=close; defined in class path resource [spring/spring_mybatis.xml]]
[INFO] [2018-01-26 14:57:21][org.springframework.beans.factory.support.DefaultListableBeanFactory]Overriding bean definition for bean 'mSqlSessionFactory': replacing [Generic bean: class [org.mybatis.spring.SqlSessionFactoryBean]; scope=; abstract=false; lazyInit=false; autowireMode=1; dependencyCheck=0; autowireCandidate=true; primary=false; factoryBeanName=null; factoryMethodName=null; initMethodName=null; destroyMethodName=null; defined in class path resource [spring/spring_mybatis.xml]] with [Generic bean: class [org.mybatis.spring.SqlSessionFactoryBean]; scope=; abstract=false; lazyInit=false; autowireMode=1; dependencyCheck=0; autowireCandidate=true; primary=false; factoryBeanName=null; factoryMethodName=null; initMethodName=null; destroyMethodName=null; defined in class path resource [spring/spring_mybatis.xml]]
[INFO] [2018-01-26 14:57:21][org.springframework.beans.factory.support.DefaultListableBeanFactory]Overriding bean definition for bean 'transactionManager': replacing [Generic bean: class [org.springframework.jdbc.datasource.DataSourceTransactionManager]; scope=; abstract=false; lazyInit=false; autowireMode=1; dependencyCheck=0; autowireCandidate=true; primary=false; factoryBeanName=null; factoryMethodName=null; initMethodName=null; destroyMethodName=null; defined in class path resource [spring/spring_mybatis.xml]] with [Generic bean: class [org.springframework.jdbc.datasource.DataSourceTransactionManager]; scope=; abstract=false; lazyInit=false; autowireMode=1; dependencyCheck=0; autowireCandidate=true; primary=false; factoryBeanName=null; factoryMethodName=null; initMethodName=null; destroyMethodName=null; defined in class path resource [spring/spring_mybatis.xml]]
[INFO] [2018-01-26 14:57:21][org.springframework.context.support.GenericApplicationContext]Refreshing org.springframework.context.support.GenericApplicationContext@5383967b: startup date [Fri Jan 26 14:57:21 CST 2018]; root of context hierarchy
[WARN] [2018-01-26 14:57:21][org.mybatis.spring.mapper.ClassPathMapperScanner]Skipping MapperFactoryBean with name 'userMapper' and 'com.wys.ssm.dao.UserMapper' mapperInterface. Bean already defined with the same name!
[WARN] [2018-01-26 14:57:21][org.mybatis.spring.mapper.ClassPathMapperScanner]No MyBatis mapper was found in '[com.wys.ssm.dao]' package. Please check your configuration.
[INFO] [2018-01-26 14:57:21][org.springframework.beans.factory.config.PropertyPlaceholderConfigurer]Loading properties file from class path resource [common.properties]
[INFO] [2018-01-26 14:57:21][org.springframework.beans.factory.config.PropertyPlaceholderConfigurer]Loading properties file from class path resource [jdbc.properties]
[INFO] [2018-01-26 14:57:21][org.springframework.beans.factory.config.PropertyPlaceholderConfigurer]Loading properties file from class path resource [jdbc.properties]
[INFO] [2018-01-26 14:57:21][org.springframework.beans.factory.config.PropertyPlaceholderConfigurer]Loading properties file from class path resource [jdbc.properties]
[INFO] [2018-01-26 14:57:21][org.springframework.beans.factory.annotation.AutowiredAnnotationBeanPostProcessor]JSR-330 'javax.inject.Inject' annotation found and supported for autowiring
[INFO] [2018-01-26 14:57:22][org.springframework.web.servlet.mvc.method.annotation.RequestMappingHandlerMapping]Mapped "{[/user/toFindAllUser],methods=[],params=[],headers=[],consumes=[],produces=[],custom=[]}" onto public java.lang.String com.wys.ssm.controller.UserController.toFindAllUser(javax.servlet.http.HttpServletRequest)
[INFO] [2018-01-26 14:57:22][org.hibernate.validator.util.Version]Hibernate Validator 4.1.0.Final
[INFO] [2018-01-26 14:57:23][org.activiti.engine.impl.ProcessEngineImpl]ProcessEngine default created
[INFO] [2018-01-26 14:57:23][org.activiti.engine.impl.bpmn.deployer.BpmnDeployer]Processing resource diagrams/jg_credit_ps.png
[INFO] [2018-01-26 14:57:23][org.activiti.engine.impl.bpmn.deployer.BpmnDeployer]Processing resource diagrams/jg_credit_ps.bpmn
[INFO] [2018-01-26 14:57:23][org.springframework.context.support.GenericApplicationContext]Closing org.springframework.context.support.GenericApplicationContext@5383967b: startup date [Fri Jan 26 14:57:21 CST 2018]; root of context hierarchy
